\BOOKMARK [0][-]{chapter.1}{\376\377\000C\000h\000a\000p\000t\000e\000r\000\040\000I\000n\000t\000r\000o\000d\000u\000c\000t\000i\000o\000n}{}% 1
\BOOKMARK [0][-]{chapter.2}{\376\377\000C\000h\000a\000p\000t\000e\000r\000\040\000K\000e\000r\000n\000e\000l}{}% 2
\BOOKMARK [0][-]{chapter.3}{\376\377\000C\000h\000a\000p\000t\000e\000r\000\040\000A\000r\000t\000\040\000o\000f\000\040\000E\000x\000p\000l\000o\000i\000t\000a\000t\000i\000o\000n}{}% 3
\BOOKMARK [1][-]{section.3.1}{\376\377\000D\000i\000f\000f\000e\000r\000e\000n\000c\000e\000\040\000b\000e\000t\000w\000e\000e\000n\000\040\000K\000e\000r\000n\000e\000l\000-\000l\000a\000n\000d\000\040\000a\000n\000d\000\040\000U\000s\000e\000r\000l\000-\000l\000a\000n\000d}{chapter.3}% 4
\BOOKMARK [0][-]{chapter.4}{\376\377\000C\000h\000a\000p\000t\000e\000r\000\040\000A\000n\000a\000l\000y\000s\000i\000s\000\040\000E\000n\000v\000i\000r\000o\000n\000m\000e\000n\000t}{}% 5
\BOOKMARK [1][-]{section.4.1}{\376\377\000D\000e\000b\000u\000g\000g\000i\000n\000g}{chapter.4}% 6
\BOOKMARK [2][-]{subsection.4.1.1}{\376\377\000G\000D\000B}{section.4.1}% 7
\BOOKMARK [2][-]{subsection.4.1.2}{\376\377\000R\000u\000n\000n\000i\000n\000g\000\040\000Q\000E\000M\000U}{section.4.1}% 8
\BOOKMARK [0][-]{chapter.5}{\376\377\000C\000h\000a\000p\000t\000e\000r\000\040\000K\000e\000r\000n\000e\000l\000\040\000c\000o\000n\000f\000i\000g\000u\000r\000a\000t\000i\000o\000n}{}% 9
\BOOKMARK [0][-]{chapter.6}{\376\377\000C\000h\000a\000p\000t\000e\000r\000\040\000L\000i\000n\000u\000x\000\040\000k\000e\000r\000n\000e\000l\000\040\000m\000i\000t\000i\000g\000a\000t\000i\000o\000n\000\040\000f\000e\000a\000t\000u\000r\000e\000s}{}% 10
\BOOKMARK [1][-]{section.6.1}{\376\377\000M\000i\000t\000i\000g\000a\000t\000i\000o\000n\000\040\000f\000e\000a\000t\000u\000r\000e\000s\000\040\000l\000i\000k\000e\000\040\000U\000s\000e\000r\000l\000a\000n\000d}{chapter.6}% 11
\BOOKMARK [2][-]{subsection.6.1.1}{\376\377\000K\000e\000r\000n\000e\000l\000\040\000s\000t\000a\000c\000k\000\040\000c\000a\000n\000a\000r\000y}{section.6.1}% 12
\BOOKMARK [2][-]{subsection.6.1.2}{\376\377\000K\000e\000r\000n\000e\000l\000\040\000a\000d\000d\000r\000e\000s\000s\000\040\000s\000p\000a\000c\000e\000\040\000l\000a\000y\000o\000u\000t\000\040\000r\000a\000n\000d\000o\000m\000i\000z\000a\000t\000i\000o\000n}{section.6.1}% 13
\BOOKMARK [1][-]{section.6.2}{\376\377\000P\000o\000w\000e\000r\000f\000u\000l\000\040\000l\000i\000n\000u\000x\000\040\000m\000i\000t\000i\000g\000a\000t\000i\000o\000n\000\040\000f\000e\000a\000t\000u\000r\000e\000s}{chapter.6}% 14
\BOOKMARK [2][-]{subsection.6.2.1}{\376\377\000S\000u\000p\000e\000r\000v\000i\000s\000o\000r\000\040\000m\000o\000d\000e\000\040\000e\000x\000e\000c\000u\000t\000i\000o\000n\000\040\000p\000r\000o\000t\000e\000c\000t\000i\000o\000n\000\040\000\050\000S\000M\000E\000P\000\051}{section.6.2}% 15
\BOOKMARK [2][-]{subsection.6.2.2}{\376\377\000S\000u\000p\000e\000r\000v\000i\000s\000o\000r\000\040\000M\000o\000d\000e\000\040\000A\000c\000c\000e\000s\000s\000\040\000P\000r\000e\000v\000e\000n\000t\000i\000o\000n}{section.6.2}% 16
\BOOKMARK [2][-]{subsection.6.2.3}{\376\377\000K\000e\000r\000n\000e\000l\000\040\000p\000a\000g\000e\000-\000t\000a\000b\000l\000e\000\040\000i\000s\000o\000l\000a\000t\000i\000o\000n}{section.6.2}% 17
\BOOKMARK [2][-]{subsection.6.2.4}{\376\377\000F\000u\000n\000c\000t\000i\000o\000n\000\040\000G\000r\000a\000n\000u\000l\000a\000r\000\040\000K\000e\000r\000n\000e\000l\000\040\000A\000d\000d\000r\000e\000s\000s\000\040\000S\000p\000a\000c\000e\000\040\000L\000a\000y\000o\000u\000t\000\040\000R\000a\000n\000d\000o\000m\000i\000z\000a\000t\000i\000o\000n}{section.6.2}% 18
\BOOKMARK [0][-]{chapter.7}{\376\377\000C\000h\000a\000p\000t\000e\000r\000\040\000I\000n\000t\000e\000n\000s\000i\000f\000i\000c\000a\000t\000i\000o\000n\000\040\000o\000f\000\040\000m\000i\000t\000i\000g\000a\000t\000i\000o\000n\000\040\000f\000e\000a\000t\000u\000r\000e\000s}{}% 19
\BOOKMARK [1][-]{section.7.1}{\376\377\000S\000e\000t\000u\000p\000\040\000e\000n\000v\000i\000r\000o\000n\000m\000e\000n\000t}{chapter.7}% 20
\BOOKMARK [2][-]{subsection.7.1.1}{\376\377\000A\000n\000a\000l\000y\000z\000i\000n\000g\000\040\000t\000h\000e\000\040\000k\000e\000r\000n\000e\000l\000\040\000m\000o\000d\000u\000l\000e}{section.7.1}% 21
\BOOKMARK [1][-]{section.7.2}{\376\377\000S\000t\000a\000c\000k\000\040\000c\000o\000o\000k\000i\000e\000s}{chapter.7}% 22
\BOOKMARK [2][-]{subsection.7.2.1}{\376\377\000S\000t\000e\000p\000\040\000b\000y\000\040\000s\000t\000e\000p\000\040\000t\000o\000\040\000e\000x\000p\000l\000o\000i\000t}{section.7.2}% 23
\BOOKMARK [2][-]{subsection.7.2.2}{\376\377\000G\000e\000t\000t\000i\000n\000g\000\040\000r\000o\000o\000t\000\040\000p\000r\000i\000v\000i\000l\000e\000g\000e\000s}{section.7.2}% 24
\BOOKMARK [1][-]{section.7.3}{\376\377\000A\000d\000d\000i\000n\000g\000\040\000S\000M\000E\000P}{chapter.7}% 25
\BOOKMARK [2][-]{subsection.7.3.1}{\376\377\000O\000v\000e\000r\000w\000r\000i\000t\000e\000\040\000C\000R\0004}{section.7.3}% 26
\BOOKMARK [2][-]{subsection.7.3.2}{\376\377\000S\000e\000c\000o\000n\000d\000\040\000s\000c\000e\000n\000a\000r\000i\000o}{section.7.3}% 27
\BOOKMARK [1][-]{section.7.4}{\376\377\000A\000d\000d\000i\000n\000g\000\040\000K\000P\000T\000I}{chapter.7}% 28
\BOOKMARK [2][-]{subsection.7.4.1}{\376\377\000T\000w\000e\000a\000k\000i\000n\000g\000\040\000t\000h\000e\000\040\000R\000O\000P\000\040\000c\000h\000a\000i\000n}{section.7.4}% 29
\BOOKMARK [1][-]{section.7.5}{\376\377\000A\000d\000d\000i\000n\000g\000\040\000S\000M\000A\000P}{chapter.7}% 30
\BOOKMARK [1][-]{section.7.6}{\376\377\000A\000d\000d\000i\000n\000g\000\040\000K\000A\000S\000L\000R\000\040\000a\000n\000d\000\040\000F\000G\000-\000K\000A\000S\000L\000R}{chapter.7}% 31
\BOOKMARK [2][-]{subsection.7.6.1}{\376\377\000G\000a\000t\000h\000e\000r\000i\000n\000g\000\040\000u\000s\000e\000f\000u\000l\000\040\000g\000a\000d\000g\000e\000t\000s}{section.7.6}% 32
\BOOKMARK [2][-]{subsection.7.6.2}{\376\377\000L\000e\000a\000k\000i\000n\000g\000\040\000c\000o\000m\000m\000i\000t\000\137\000c\000r\000e\000d\000s\000\040\000a\000n\000d\000\040\000p\000r\000e\000p\000a\000r\000e\000\137\000k\000e\000r\000n\000e\000l\000\137\000c\000r\000e\000d\000\050\000\051}{section.7.6}% 33
\BOOKMARK [2][-]{subsection.7.6.3}{\376\377\000C\000a\000l\000l\000i\000n\000g\000\040\000c\000o\000m\000m\000i\000t\000\137\000c\000r\000e\000d\000s\000\050\000p\000r\000e\000p\000a\000r\000e\000\137\000k\000e\000r\000n\000e\000l\000\137\000c\000r\000e\000d\000\050\0000\000\051\000\051}{section.7.6}% 34
\BOOKMARK [0][-]{chapter.8}{\376\377\000C\000h\000a\000p\000t\000e\000r\000\040\000C\000o\000n\000c\000l\000u\000s\000i\000o\000n}{}% 35
\BOOKMARK [0][-]{chapter*.13}{\376\377\000B\000i\000b\000l\000i\000o\000g\000r\000a\000p\000h\000y}{}% 36
